<?xml version="1.0" encoding="UTF-8"?>
<!-- Generated by org.testng.reporters.JUnitReportReporter -->
<testsuite hostname="BISWAJIT2000" failures="3" tests="3" name="TestRunner.Run" time="33.122" errors="0" timestamp="2023-08-14T17:08:23 IST" skipped="0">
  <testcase classname="TestRunner.Run" name="runScenario" time="11.046">
    <failure type="java.lang.AssertionError">
      <![CDATA[java.lang.AssertionError
at org.junit.Assert.fail(Assert.java:87)
at org.junit.Assert.assertTrue(Assert.java:42)
at org.junit.Assert.assertTrue(Assert.java:53)
at StepDefination.StepDef.user_can_view_dash_board(StepDef.java:112)
at ✽.User can view DashBoard(file:///C:/Users/biswa/eclipse-workspace/CucumberFrameWork/./Features/Customer.feature:8)
]]>
    </failure>
  </testcase> <!-- runScenario -->
  <system-out/>
  <testcase classname="TestRunner.Run" name="runScenario" time="11.038">
    <failure type="java.lang.AssertionError">
      <![CDATA[java.lang.AssertionError
at org.junit.Assert.fail(Assert.java:87)
at org.junit.Assert.assertTrue(Assert.java:42)
at org.junit.Assert.assertTrue(Assert.java:53)
at StepDefination.StepDef.page_title_should_be(StepDef.java:85)
at ✽.Page Title Should Be "Dashboard / nopCommerce administration"(file:///C:/Users/biswa/eclipse-workspace/CucumberFrameWork/./Features/LoginFeature.feature:10)
]]>
    </failure>
  </testcase> <!-- runScenario -->
  <system-out/>
  <testcase classname="TestRunner.Run" name="runScenario" time="11.038">
    <failure type="java.lang.AssertionError">
      <![CDATA[java.lang.AssertionError
at org.junit.Assert.fail(Assert.java:87)
at org.junit.Assert.assertTrue(Assert.java:42)
at org.junit.Assert.assertTrue(Assert.java:53)
at StepDefination.StepDef.user_can_view_dash_board(StepDef.java:112)
at ✽.User can view DashBoard(file:///C:/Users/biswa/eclipse-workspace/CucumberFrameWork/./Features/Customer.feature:8)
]]>
    </failure>
  </testcase> <!-- runScenario -->
  <system-out/>
</testsuite> <!-- TestRunner.Run -->
